0 info it worked if it ends with ok
1 verbose cli [ '/usr/bin/node', '/usr/bin/npm', 'run', 'dev' ]
2 info using npm@3.10.10
3 info using node@v6.11.2
4 verbose run-script [ 'predev', 'dev', 'postdev' ]
5 info lifecycle sidekick@1.0.1~predev: sidekick@1.0.1
6 silly lifecycle sidekick@1.0.1~predev: no script for predev, continuing
7 info lifecycle sidekick@1.0.1~dev: sidekick@1.0.1
8 verbose lifecycle sidekick@1.0.1~dev: unsafe-perm in lifecycle true
9 verbose lifecycle sidekick@1.0.1~dev: PATH: /usr/lib/node_modules/npm/bin/node-gyp-bin:/home/chris/Projects/sk-web-app/node_modules/.bin:/usr/local/bin:/usr/local/sbin:/usr/bin:/usr/sbin:/home/chris/.local/bin:/home/chris/bin
10 verbose lifecycle sidekick@1.0.1~dev: CWD: /home/chris/Projects/sk-web-app
11 silly lifecycle sidekick@1.0.1~dev: Args: [ '-c', 'webpack & node server' ]
12 silly lifecycle sidekick@1.0.1~dev: Returned: code: 1  signal: null
13 info lifecycle sidekick@1.0.1~dev: Failed to exec dev script
14 verbose stack Error: sidekick@1.0.1 dev: `webpack & node server`
14 verbose stack Exit status 1
14 verbose stack     at EventEmitter.<anonymous> (/usr/lib/node_modules/npm/lib/utils/lifecycle.js:255:16)
14 verbose stack     at emitTwo (events.js:106:13)
14 verbose stack     at EventEmitter.emit (events.js:191:7)
14 verbose stack     at ChildProcess.<anonymous> (/usr/lib/node_modules/npm/lib/utils/spawn.js:40:14)
14 verbose stack     at emitTwo (events.js:106:13)
14 verbose stack     at ChildProcess.emit (events.js:191:7)
14 verbose stack     at maybeClose (internal/child_process.js:891:16)
14 verbose stack     at Process.ChildProcess._handle.onexit (internal/child_process.js:226:5)
15 verbose pkgid sidekick@1.0.1
16 verbose cwd /home/chris/Projects/sk-web-app
17 error Linux 4.12.5-300.fc26.x86_64
18 error argv "/usr/bin/node" "/usr/bin/npm" "run" "dev"
19 error node v6.11.2
20 error npm  v3.10.10
21 error code ELIFECYCLE
22 error sidekick@1.0.1 dev: `webpack & node server`
22 error Exit status 1
23 error Failed at the sidekick@1.0.1 dev script 'webpack & node server'.
23 error Make sure you have the latest version of node.js and npm installed.
23 error If you do, this is most likely a problem with the sidekick package,
23 error not with npm itself.
23 error Tell the author that this fails on your system:
23 error     webpack & node server
23 error You can get information on how to open an issue for this project with:
23 error     npm bugs sidekick
23 error Or if that isn't available, you can get their info via:
23 error     npm owner ls sidekick
23 error There is likely additional logging output above.
24 verbose exit [ 1, true ]
